<?xml version="1.0" encoding="UTF-8"?>
<!-- Generated by org.testng.reporters.JUnitReportReporter -->
<testsuite hostname="DESKTOP-7APVUQ4" failures="1" tests="1" name="cucumberOptions.GreenkartFailedTestRunnerTestNG2" time="21.174" errors="0" timestamp="2023-03-09T21:54:43 IST" skipped="0">
  <testcase classname="cucumberOptions.GreenkartFailedTestRunnerTestNG2" name="runScenario" time="21.174">
    <failure message="expected [No data] but found [Beetroot]" type="java.lang.AssertionError">
      <![CDATA[java.lang.AssertionError: expected [No data] but found [Beetroot]
at org.testng.Assert.fail(Assert.java:110)
at org.testng.Assert.failNotEquals(Assert.java:1577)
at org.testng.Assert.assertEqualsImpl(Assert.java:149)
at org.testng.Assert.assertEquals(Assert.java:131)
at org.testng.Assert.assertEquals(Assert.java:655)
at org.testng.Assert.assertEquals(Assert.java:665)
at stepDefinitions.OfferPageGreenKartStepDef_02.validate_the_home_page_product_with_offer_page_product(OfferPageGreenKartStepDef_02.java:39)
at ✽.validate the home page product with offer page product(file:///C:/Users/Admin/eclipse-workspace/CucumberFramework/src/test/java/features/GreenKart_02.feature:8)
]]>
    </failure>
  </testcase> <!-- runScenario -->
  <system-out/>
</testsuite> <!-- cucumberOptions.GreenkartFailedTestRunnerTestNG2 -->
